<?xml version="1.0" encoding="UTF-8"?>
<testng-results skipped="0" failed="0" total="1" passed="1">
  <reporter-output>
  </reporter-output>
  <suite name="Suite" duration-ms="285048" started-at="2017-08-10T19:53:33Z" finished-at="2017-08-10T19:58:18Z">
    <groups>
    </groups>
    <test name="FirefoxTest" duration-ms="285048" started-at="2017-08-10T19:53:33Z" finished-at="2017-08-10T19:58:18Z">
      <class name="OfferUpdate">
        <test-method status="PASS" signature="setUp()[pri:0, instance:OfferUpdate@1a23b66]" name="setUp" is-config="true" duration-ms="10332" started-at="2017-08-10T19:53:33Z" finished-at="2017-08-10T19:53:43Z">
        </test-method>
        <test-method status="PASS" signature="offerUpdate()[pri:0, instance:OfferUpdate@1a23b66]" name="offerUpdate" duration-ms="273129" started-at="2017-08-10T19:53:43Z" finished-at="2017-08-10T19:58:16Z">
        </test-method>
        <test-method status="PASS" signature="tearDown()[pri:0, instance:OfferUpdate@1a23b66]" name="tearDown" is-config="true" duration-ms="1579" started-at="2017-08-10T19:58:16Z" finished-at="2017-08-10T19:58:18Z">
        </test-method>
      </class>
    </test>
  </suite>
</testng-results>
