<?xml version="1.0" encoding="UTF-8"?>
<testng-results skipped="0" failed="0" total="1" passed="1">
  <reporter-output>
  </reporter-output>
  <suite name="Default suite" duration-ms="179108" started-at="2017-08-09T15:31:29Z" finished-at="2017-08-09T15:34:28Z">
    <groups>
    </groups>
    <test name="Default test" duration-ms="179108" started-at="2017-08-09T15:31:29Z" finished-at="2017-08-09T15:34:28Z">
      <class name="OfferUpdate">
        <test-method status="PASS" signature="setUp()[pri:0, instance:OfferUpdate@1b604f19]" name="setUp" is-config="true" duration-ms="11769" started-at="2017-08-09T21:01:29Z" finished-at="2017-08-09T21:01:40Z">
          <reporter-output>
          </reporter-output>
        </test-method> <!-- setUp -->
        <test-method status="PASS" signature="offerUpdate()[pri:0, instance:OfferUpdate@1b604f19]" name="offerUpdate" duration-ms="164927" started-at="2017-08-09T21:01:40Z" finished-at="2017-08-09T21:04:25Z">
          <reporter-output>
          </reporter-output>
        </test-method> <!-- offerUpdate -->
        <test-method status="PASS" signature="tearDown()[pri:0, instance:OfferUpdate@1b604f19]" name="tearDown" is-config="true" duration-ms="2391" started-at="2017-08-09T21:04:25Z" finished-at="2017-08-09T21:04:28Z">
          <reporter-output>
          </reporter-output>
        </test-method> <!-- tearDown -->
      </class> <!-- OfferUpdate -->
    </test> <!-- Default test -->
  </suite> <!-- Default suite -->
</testng-results>
